<?xml version="1.0" encoding="UTF-8"?>
<!-- Generated by org.testng.reporters.JUnitReportReporter -->
<testsuite name="tests.ParallelTest" tests="8" time="316.733" ignored="0" failures="0" timestamp="08 Aug 2017 09:57:45 GMT" skipped="0" hostname="AtulB-MTP" errors="0">
  <testcase name="findBannerLength" time="0.006" classname="tests.ParallelTest"/>
  <testcase name="findBannerLength" time="0.003" classname="tests.ParallelTest"/>
  <testcase name="findBannerLength" time="0.006" classname="tests.ParallelTest"/>
  <testcase name="TestCase_ALL" time="56.428" classname="tests.ParallelTest"/>
  <testcase name="TestCase_ALL" time="91.655" classname="tests.ParallelTest"/>
  <testcase name="findBannerLength" time="0.006" classname="tests.ParallelTest"/>
  <testcase name="TestCase_ALL" time="78.483" classname="tests.ParallelTest"/>
  <testcase name="TestCase_ALL" time="90.146" classname="tests.ParallelTest"/>
</testsuite> <!-- tests.ParallelTest -->
