<?xml version="1.0" encoding="UTF-8"?>
<!-- Generated by org.testng.reporters.JUnitReportReporter -->
<testsuite hostname="AtulB-MTP" name="tests.ParallelTest" tests="8" failures="0" timestamp="17 Aug 2017 07:47:22 GMT" time="629.701" errors="0">
  <testcase name="findBannerLength" time="0.001" classname="tests.ParallelTest"/>
  <testcase name="findBannerLength" time="0.000" classname="tests.ParallelTest"/>
  <testcase name="findBannerLength" time="0.000" classname="tests.ParallelTest"/>
  <testcase name="TestCase_ALL" time="122.634" classname="tests.ParallelTest"/>
  <testcase name="TestCase_ALL" time="174.720" classname="tests.ParallelTest"/>
  <testcase name="TestCase_ALL" time="175.622" classname="tests.ParallelTest"/>
  <testcase name="findBannerLength" time="0.001" classname="tests.ParallelTest"/>
  <testcase name="TestCase_ALL" time="156.723" classname="tests.ParallelTest"/>
</testsuite> <!-- tests.ParallelTest -->
